[debug] [2023-01-24T18:53:50.295Z] ----------------------------------------------------------------------
[debug] [2023-01-24T18:53:50.297Z] Command:       C:\Program Files\nodejs\node.exe C:\Program Files\nodejs\node_modules\firebase-tools\lib\bin\firebase.js init
[debug] [2023-01-24T18:53:50.298Z] CLI Version:   11.21.0
[debug] [2023-01-24T18:53:50.298Z] Platform:      win32
[debug] [2023-01-24T18:53:50.298Z] Node Version:  v16.4.0
[debug] [2023-01-24T18:53:50.299Z] Time:          Wed Jan 25 2023 00:23:50 GMT+0530 (India Standard Time)
[debug] [2023-01-24T18:53:50.300Z] ----------------------------------------------------------------------
[debug] 
[debug] [2023-01-24T18:53:50.310Z] > command requires scopes: ["email","openid","https://www.googleapis.com/auth/cloudplatformprojects.readonly","https://www.googleapis.com/auth/firebase","https://www.googleapis.com/auth/cloud-platform"]
[debug] [2023-01-24T18:53:50.310Z] > authorizing via signed-in user (maheshsuthar083@gmail.com)
[info] 
     ######## #### ########  ######## ########     ###     ######  ########
     ##        ##  ##     ## ##       ##     ##  ##   ##  ##       ##
     ######    ##  ########  ######   ########  #########  ######  ######
     ##        ##  ##    ##  ##       ##     ## ##     ##       ## ##
     ##       #### ##     ## ######## ########  ##     ##  ######  ########

You're about to initialize a Firebase project in this directory:

  C:\Users\User\Desktop\new\maheshfolder\Tailwind-css\New folder\my-project

[info] 
=== Project Setup
[info] 
[info] First, let's associate this project directory with a Firebase project.
[info] You can create multiple project aliases by running firebase use --add, 
[info] but for now we'll just set up a default project.
[info] 
[debug] [2023-01-24T18:54:02.434Z] >>> [apiv2][query] GET https://firebase.googleapis.com/v1beta1/projects pageSize=100
[debug] [2023-01-24T18:54:03.344Z] <<< [apiv2][status] GET https://firebase.googleapis.com/v1beta1/projects 200
[debug] [2023-01-24T18:54:03.344Z] <<< [apiv2][body] GET https://firebase.googleapis.com/v1beta1/projects [omitted]
[debug] [2023-01-24T18:55:26.594Z] ----------------------------------------------------------------------
[debug] [2023-01-24T18:55:26.596Z] Command:       C:\Program Files\nodejs\node.exe C:\Program Files\nodejs\node_modules\firebase-tools\lib\bin\firebase.js init
[debug] [2023-01-24T18:55:26.597Z] CLI Version:   11.21.0
[debug] [2023-01-24T18:55:26.597Z] Platform:      win32
[debug] [2023-01-24T18:55:26.597Z] Node Version:  v16.4.0
[debug] [2023-01-24T18:55:26.598Z] Time:          Wed Jan 25 2023 00:25:26 GMT+0530 (India Standard Time)
[debug] [2023-01-24T18:55:26.599Z] ----------------------------------------------------------------------
[debug] 
[debug] [2023-01-24T18:55:26.609Z] > command requires scopes: ["email","openid","https://www.googleapis.com/auth/cloudplatformprojects.readonly","https://www.googleapis.com/auth/firebase","https://www.googleapis.com/auth/cloud-platform"]
[debug] [2023-01-24T18:55:26.609Z] > authorizing via signed-in user (maheshsuthar083@gmail.com)
[info] 
     ######## #### ########  ######## ########     ###     ######  ########
     ##        ##  ##     ## ##       ##     ##  ##   ##  ##       ##
     ######    ##  ########  ######   ########  #########  ######  ######
     ##        ##  ##    ##  ##       ##     ## ##     ##       ## ##
     ##       #### ##     ## ######## ########  ##     ##  ######  ########

You're about to initialize a Firebase project in this directory:

  C:\Users\User\Desktop\new\maheshfolder\Tailwind-css\New folder\my-project

[info] 
=== Project Setup
[info] 
[info] First, let's associate this project directory with a Firebase project.
[info] You can create multiple project aliases by running firebase use --add, 
[info] but for now we'll just set up a default project.
[info] 
[debug] [2023-01-24T18:55:36.231Z] >>> [apiv2][query] GET https://firebase.googleapis.com/v1beta1/projects pageSize=100
[debug] [2023-01-24T18:55:37.965Z] <<< [apiv2][status] GET https://firebase.googleapis.com/v1beta1/projects 200
[debug] [2023-01-24T18:55:37.966Z] <<< [apiv2][body] GET https://firebase.googleapis.com/v1beta1/projects [omitted]
[debug] [2023-01-24T19:06:51.266Z] ----------------------------------------------------------------------
[debug] [2023-01-24T19:06:51.268Z] Command:       C:\Program Files\nodejs\node.exe C:\Program Files\nodejs\node_modules\firebase-tools\lib\bin\firebase.js init
[debug] [2023-01-24T19:06:51.269Z] CLI Version:   11.21.0
[debug] [2023-01-24T19:06:51.269Z] Platform:      win32
[debug] [2023-01-24T19:06:51.269Z] Node Version:  v16.4.0
[debug] [2023-01-24T19:06:51.270Z] Time:          Wed Jan 25 2023 00:36:51 GMT+0530 (India Standard Time)
[debug] [2023-01-24T19:06:51.271Z] ----------------------------------------------------------------------
[debug] 
[debug] [2023-01-24T19:06:51.281Z] > command requires scopes: ["email","openid","https://www.googleapis.com/auth/cloudplatformprojects.readonly","https://www.googleapis.com/auth/firebase","https://www.googleapis.com/auth/cloud-platform"]
[debug] [2023-01-24T19:06:51.281Z] > authorizing via signed-in user (maheshsuthar083@gmail.com)
[info] 
     ######## #### ########  ######## ########     ###     ######  ########
     ##        ##  ##     ## ##       ##     ##  ##   ##  ##       ##
     ######    ##  ########  ######   ########  #########  ######  ######
     ##        ##  ##    ##  ##       ##     ## ##     ##       ## ##
     ##       #### ##     ## ######## ########  ##     ##  ######  ########

You're about to initialize a Firebase project in this directory:

  C:\Users\User\Desktop\new\maheshfolder\Tailwind-css\New folder\my-project

[info] 
=== Project Setup
[info] 
[info] First, let's associate this project directory with a Firebase project.
[info] You can create multiple project aliases by running firebase use --add, 
[info] but for now we'll just set up a default project.
[info] 
[debug] [2023-01-24T19:06:58.865Z] >>> [apiv2][query] GET https://firebase.googleapis.com/v1beta1/projects pageSize=100
[debug] [2023-01-24T19:06:59.688Z] <<< [apiv2][status] GET https://firebase.googleapis.com/v1beta1/projects 200
[debug] [2023-01-24T19:06:59.689Z] <<< [apiv2][body] GET https://firebase.googleapis.com/v1beta1/projects [omitted]
